Start testing: Jul 06 22:38 CEST
----------------------------------------------------------
1/1 Testing: rabbit_test
1/1 Test: rabbit_test
Command: "/Users/kamil/Projects/RabbitCL/build/rabbit_test"
Directory: /Users/kamil/Projects/RabbitCL/build
"rabbit_test" start time: Jul 06 22:38 CEST
Output:
----------------------------------------------------------
Running main() from gtest_main.cc
[==========] Running 1 test from 1 test case.
[----------] Global test environment set-up.
[----------] 1 test from sample_test_case
[ RUN      ] sample_test_case.sample_test
[       OK ] sample_test_case.sample_test (0 ms)
[----------] 1 test from sample_test_case (0 ms total)

[----------] Global test environment tear-down
[==========] 1 test from 1 test case ran. (0 ms total)
[  PASSED  ] 1 test.
<end of output>
Test time =   0.00 sec
----------------------------------------------------------
Test Passed.
"rabbit_test" end time: Jul 06 22:38 CEST
"rabbit_test" time elapsed: 00:00:00
----------------------------------------------------------

End testing: Jul 06 22:38 CEST
