<?xml version="1.0" encoding="UTF-8"?>
<Site BuildName="(empty)"
	BuildStamp="20170706-2013-Experimental"
	Name="(empty)"
	Generator="ctest-3.8.2"
	CompilerName=""
	CompilerVersion=""
	OSName="Mac OS X"
	Hostname="macbook"
	OSRelease="10.12.5"
	OSVersion="16F73"
	OSPlatform="x86_64"
	Is64Bits="1"
	VendorString="GenuineIntel"
	VendorID="Intel Corporation"
	FamilyID="6"
	ModelID="94"
	ProcessorCacheSize="32768"
	NumberOfLogicalCPU="8"
	NumberOfPhysicalCPU="4"
	TotalVirtualMemory="6144"
	TotalPhysicalMemory="16384"
	LogicalProcessorsPerPhysical="8"
	ProcessorClockFrequency="2700"
	>
	<Testing>
		<StartDateTime>Jul 06 22:38 CEST</StartDateTime>
		<StartTestTime>1499373485</StartTestTime>
		<TestList>
			<Test>./rabbit_test</Test>
		</TestList>
		<Test Status="passed">
			<Name>rabbit_test</Name>
			<Path>.</Path>
			<FullName>./rabbit_test</FullName>
			<FullCommandLine>/Users/kamil/Projects/RabbitCL/build/rabbit_test</FullCommandLine>
			<Results>
				<NamedMeasurement type="numeric/double" name="Execution Time">
					<Value>0.00376391</Value>
				</NamedMeasurement>
				<NamedMeasurement type="text/string" name="Completion Status">
					<Value>Completed</Value>
				</NamedMeasurement>
				<NamedMeasurement type="text/string" name="Command Line">
					<Value>/Users/kamil/Projects/RabbitCL/build/rabbit_test</Value>
				</NamedMeasurement>
				<Measurement>
					<Value encoding="base64" compression="gzip">eJyNkE0KwjAQhfc5xSzbRYMewIWguBBUUlyVUmKNpZBMSpLq9W2aUlpF7FsNM9/8vGEtYo0VKF5jFMPDaAWVE9YVPkPLkmSbUTmwAV+DZwI+xCW3gpIsGZXDQeobl6Es8FkbjUqgAytc0jYf8HSk5aqRoujv8HNJBux6gl75V5VOEh0ZdD7+ISFagbLx8iNCAzjtuIzJMqdOcJPc9Qvnb/zxPjAc6XxNZ+eyTdP9zhsPKCVv9TmKGQ==</Value>
				</Measurement>
			</Results>
		</Test>
		<EndDateTime>Jul 06 22:38 CEST</EndDateTime>
		<EndTestTime>1499373485</EndTestTime>
		<ElapsedMinutes>0</ElapsedMinutes>
	</Testing>
</Site>
